2024-12-18 20:14:17,585 - INFO - Log initialized.
2024-12-18 20:15:36,575 - INFO - Log initialized.
2024-12-18 20:16:04,985 - INFO - Starting renaming in directory: C:\Users\musch\Desktop\fawg
2024-12-18 20:16:04,986 - INFO - Renamed: C:\Users\musch\Desktop\fawg\gaw\qwaw_hallo_faw - Kopie (2).py -> C:\Users\musch\Desktop\fawg\gaw\qwaw_avo_faw - Kopie (2).py
2024-12-18 20:16:04,987 - INFO - Renamed: C:\Users\musch\Desktop\fawg\gaw\qwaw_hallo_faw - Kopie (2).txt -> C:\Users\musch\Desktop\fawg\gaw\qwaw_avo_faw - Kopie (2).txt
2024-12-18 20:16:04,988 - INFO - Renamed: C:\Users\musch\Desktop\fawg\gaw\qwaw_hallo_faw - Kopie (3).py -> C:\Users\musch\Desktop\fawg\gaw\qwaw_avo_faw - Kopie (3).py
2024-12-18 20:16:04,990 - INFO - Renamed: C:\Users\musch\Desktop\fawg\gaw\qwaw_hallo_faw - Kopie (3).txt -> C:\Users\musch\Desktop\fawg\gaw\qwaw_avo_faw - Kopie (3).txt
2024-12-18 20:16:04,991 - INFO - Renamed: C:\Users\musch\Desktop\fawg\gaw\qwaw_hallo_faw - Kopie (4).py -> C:\Users\musch\Desktop\fawg\gaw\qwaw_avo_faw - Kopie (4).py
2024-12-18 20:16:04,992 - INFO - Renamed: C:\Users\musch\Desktop\fawg\gaw\qwaw_hallo_faw - Kopie (4).txt -> C:\Users\musch\Desktop\fawg\gaw\qwaw_avo_faw - Kopie (4).txt
2024-12-18 20:16:04,992 - INFO - Renamed: C:\Users\musch\Desktop\fawg\gaw\qwaw_hallo_faw - Kopie (5).txt -> C:\Users\musch\Desktop\fawg\gaw\qwaw_avo_faw - Kopie (5).txt
2024-12-18 20:16:04,993 - INFO - Renamed: C:\Users\musch\Desktop\fawg\gaw\qwaw_hallo_faw - Kopie - Kopie.py -> C:\Users\musch\Desktop\fawg\gaw\qwaw_avo_faw - Kopie - Kopie.py
2024-12-18 20:16:04,993 - INFO - Renamed: C:\Users\musch\Desktop\fawg\gaw\qwaw_hallo_faw - Kopie.py -> C:\Users\musch\Desktop\fawg\gaw\qwaw_avo_faw - Kopie.py
2024-12-18 20:16:04,994 - INFO - Renamed: C:\Users\musch\Desktop\fawg\gaw\qwaw_hallo_faw - Kopie.txt -> C:\Users\musch\Desktop\fawg\gaw\qwaw_avo_faw - Kopie.txt
2024-12-18 20:16:04,994 - INFO - Renamed: C:\Users\musch\Desktop\fawg\gaw\qwaw_hallo_faw.txt -> C:\Users\musch\Desktop\fawg\gaw\qwaw_avo_faw.txt
2024-12-18 20:16:04,995 - INFO - Renamed: C:\Users\musch\Desktop\fawg\gaw - Kopie\qwaw_hallo_faw - Kopie (2).py -> C:\Users\musch\Desktop\fawg\gaw - Kopie\qwaw_avo_faw - Kopie (2).py
2024-12-18 20:16:04,996 - INFO - Renamed: C:\Users\musch\Desktop\fawg\gaw - Kopie\qwaw_hallo_faw - Kopie (2).txt -> C:\Users\musch\Desktop\fawg\gaw - Kopie\qwaw_avo_faw - Kopie (2).txt
2024-12-18 20:16:04,997 - INFO - Renamed: C:\Users\musch\Desktop\fawg\gaw - Kopie\qwaw_hallo_faw - Kopie (3).py -> C:\Users\musch\Desktop\fawg\gaw - Kopie\qwaw_avo_faw - Kopie (3).py
2024-12-18 20:16:04,997 - INFO - Renamed: C:\Users\musch\Desktop\fawg\gaw - Kopie\qwaw_hallo_faw - Kopie (3).txt -> C:\Users\musch\Desktop\fawg\gaw - Kopie\qwaw_avo_faw - Kopie (3).txt
2024-12-18 20:16:04,998 - INFO - Renamed: C:\Users\musch\Desktop\fawg\gaw - Kopie\qwaw_hallo_faw - Kopie (4).py -> C:\Users\musch\Desktop\fawg\gaw - Kopie\qwaw_avo_faw - Kopie (4).py
2024-12-18 20:16:04,998 - INFO - Renamed: C:\Users\musch\Desktop\fawg\gaw - Kopie\qwaw_hallo_faw - Kopie (4).txt -> C:\Users\musch\Desktop\fawg\gaw - Kopie\qwaw_avo_faw - Kopie (4).txt
2024-12-18 20:16:04,999 - INFO - Renamed: C:\Users\musch\Desktop\fawg\gaw - Kopie\qwaw_hallo_faw - Kopie (5).txt -> C:\Users\musch\Desktop\fawg\gaw - Kopie\qwaw_avo_faw - Kopie (5).txt
2024-12-18 20:16:05,000 - INFO - Renamed: C:\Users\musch\Desktop\fawg\gaw - Kopie\qwaw_hallo_faw - Kopie - Kopie.py -> C:\Users\musch\Desktop\fawg\gaw - Kopie\qwaw_avo_faw - Kopie - Kopie.py
2024-12-18 20:16:05,000 - INFO - Renamed: C:\Users\musch\Desktop\fawg\gaw - Kopie\qwaw_hallo_faw - Kopie.py -> C:\Users\musch\Desktop\fawg\gaw - Kopie\qwaw_avo_faw - Kopie.py
2024-12-18 20:16:05,001 - INFO - Renamed: C:\Users\musch\Desktop\fawg\gaw - Kopie\qwaw_hallo_faw - Kopie.txt -> C:\Users\musch\Desktop\fawg\gaw - Kopie\qwaw_avo_faw - Kopie.txt
2024-12-18 20:16:05,002 - INFO - Renamed: C:\Users\musch\Desktop\fawg\gaw - Kopie\qwaw_hallo_faw.txt -> C:\Users\musch\Desktop\fawg\gaw - Kopie\qwaw_avo_faw.txt
2024-12-18 20:16:05,002 - INFO - Renamed: C:\Users\musch\Desktop\fawg\gaw - Kopie (2)\qwawhallo_faw - Kopie (2).txt -> C:\Users\musch\Desktop\fawg\gaw - Kopie (2)\qwawavo_faw - Kopie (2).txt
2024-12-18 20:16:05,003 - INFO - Renamed: C:\Users\musch\Desktop\fawg\gaw - Kopie (2)\qwaw_hallofaw - Kopie (3).txt -> C:\Users\musch\Desktop\fawg\gaw - Kopie (2)\qwaw_avofaw - Kopie (3).txt
2024-12-18 20:16:05,004 - INFO - Renamed: C:\Users\musch\Desktop\fawg\gaw - Kopie (2)\qwaw_hallo_faw - Kopie (2).py -> C:\Users\musch\Desktop\fawg\gaw - Kopie (2)\qwaw_avo_faw - Kopie (2).py
2024-12-18 20:16:05,004 - INFO - Renamed: C:\Users\musch\Desktop\fawg\gaw - Kopie (2)\qwaw_hallo_faw - Kopie (3).py -> C:\Users\musch\Desktop\fawg\gaw - Kopie (2)\qwaw_avo_faw - Kopie (3).py
2024-12-18 20:16:05,005 - INFO - Renamed: C:\Users\musch\Desktop\fawg\gaw - Kopie (2)\qwaw_hallo_faw - Kopie (4).py -> C:\Users\musch\Desktop\fawg\gaw - Kopie (2)\qwaw_avo_faw - Kopie (4).py
2024-12-18 20:16:05,005 - INFO - Renamed: C:\Users\musch\Desktop\fawg\gaw - Kopie (2)\qwaw_hallo_faw - Kopie (4).txt -> C:\Users\musch\Desktop\fawg\gaw - Kopie (2)\qwaw_avo_faw - Kopie (4).txt
2024-12-18 20:16:05,006 - INFO - Renamed: C:\Users\musch\Desktop\fawg\gaw - Kopie (2)\qwaw_hallo_faw - Kopie (5).txt -> C:\Users\musch\Desktop\fawg\gaw - Kopie (2)\qwaw_avo_faw - Kopie (5).txt
2024-12-18 20:16:05,006 - INFO - Renamed: C:\Users\musch\Desktop\fawg\gaw - Kopie (2)\qwaw_hallo_faw - Kopie - Kopie.py -> C:\Users\musch\Desktop\fawg\gaw - Kopie (2)\qwaw_avo_faw - Kopie - Kopie.py
2024-12-18 20:16:05,007 - INFO - Renamed: C:\Users\musch\Desktop\fawg\gaw - Kopie (2)\qwaw_hallo_faw - Kopie.py -> C:\Users\musch\Desktop\fawg\gaw - Kopie (2)\qwaw_avo_faw - Kopie.py
2024-12-18 20:16:05,007 - INFO - Renamed: C:\Users\musch\Desktop\fawg\gaw - Kopie (2)\qwaw_hallo_faw - Kopie.txt -> C:\Users\musch\Desktop\fawg\gaw - Kopie (2)\qwaw_avo_faw - Kopie.txt
2024-12-18 20:16:05,008 - INFO - Renamed: C:\Users\musch\Desktop\fawg\gaw - Kopie (2)\qwaw_hallo_faw.txt -> C:\Users\musch\Desktop\fawg\gaw - Kopie (2)\qwaw_avo_faw.txt
2024-12-18 20:16:05,008 - INFO - Renaming completed.
